[14/Nov/2024 17:58:00] "POST /get_data HTTP/1.1" 200 40
[14/Nov/2024 17:59:37] "GET /admin/bot_app/generationprocess/ HTTP/1.1" 302 0
[14/Nov/2024 17:59:38] "GET /admin/login/?next=/admin/bot_app/generationprocess/ HTTP/1.1" 200 4212
[14/Nov/2024 17:59:38] "GET /static/admin/css/login.css HTTP/1.1" 200 951
[14/Nov/2024 17:59:42] "POST /admin/login/?next=/admin/bot_app/generationprocess/ HTTP/1.1" 302 0
Not Found: /admin/bot_app/generationprocess/
[14/Nov/2024 17:59:42] "GET /admin/bot_app/generationprocess/ HTTP/1.1" 404 6015
[14/Nov/2024 17:59:46] "GET /admin/ HTTP/1.1" 200 11257
[14/Nov/2024 17:59:46] "GET /static/admin/css/dashboard.css HTTP/1.1" 200 441
[14/Nov/2024 17:59:46] "GET /static/admin/img/icon-changelink.svg HTTP/1.1" 200 380
[14/Nov/2024 17:59:46] "GET /static/admin/img/icon-deletelink.svg HTTP/1.1" 200 392
[14/Nov/2024 17:59:47] "GET /admin/assistant/process/ HTTP/1.1" 200 56729
[14/Nov/2024 17:59:48] "GET /static/admin/img/icon-no.svg HTTP/1.1" 200 560
[14/Nov/2024 17:59:48] "GET /admin/jsi18n/ HTTP/1.1" 200 3342
[14/Nov/2024 18:01:28] "GET /admin/assistant/process/ HTTP/1.1" 200 56729
[14/Nov/2024 18:01:28] "GET /admin/jsi18n/ HTTP/1.1" 200 3342
[14/Nov/2024 18:01:30] "GET /admin/assistant/process/82/change/ HTTP/1.1" 200 20205
[14/Nov/2024 18:01:30] "GET /admin/jsi18n/ HTTP/1.1" 200 3342
[14/Nov/2024 18:01:30] "GET /static/admin/js/prepopulate_init.js HTTP/1.1" 200 586
[14/Nov/2024 18:01:30] "GET /static/admin/css/forms.css HTTP/1.1" 200 8794
[14/Nov/2024 18:01:30] "GET /static/admin/js/calendar.js HTTP/1.1" 200 9141
[14/Nov/2024 18:01:30] "GET /static/admin/js/admin/DateTimeShortcuts.js HTTP/1.1" 200 19319
[14/Nov/2024 18:01:30] "GET /static/admin/js/change_form.js HTTP/1.1" 200 606
[14/Nov/2024 18:01:30] "GET /static/admin/css/widgets.css HTTP/1.1" 200 11564
[14/Nov/2024 18:01:31] "GET /static/admin/img/icon-clock.svg HTTP/1.1" 200 677
[14/Nov/2024 18:01:31] "GET /static/admin/img/icon-calendar.svg HTTP/1.1" 200 1086
[14/Nov/2024 18:05:56] "POST /get_data HTTP/1.1" 200 40
[14/Nov/2024 18:06:15] "GET /admin/assistant/process/ HTTP/1.1" 200 57464
[14/Nov/2024 18:06:15] "GET /admin/jsi18n/ HTTP/1.1" 200 3342
[14/Nov/2024 18:06:18] "GET /admin/assistant/process/82/change/ HTTP/1.1" 200 20511
[14/Nov/2024 18:06:19] "GET /admin/jsi18n/ HTTP/1.1" 200 3342
[14/Nov/2024 18:07:22] "GET /admin/assistant/process/ HTTP/1.1" 200 57500
[14/Nov/2024 18:07:22] "GET /admin/jsi18n/ HTTP/1.1" 200 3342
[14/Nov/2024 18:07:23] "GET /admin/assistant/process/83/change/ HTTP/1.1" 200 20797
[14/Nov/2024 18:07:23] "GET /admin/jsi18n/ HTTP/1.1" 200 3342
[14/Nov/2024 18:08:28] "POST /get_data HTTP/1.1" 200 40
[14/Nov/2024 18:08:32] "GET /admin/assistant/process/ HTTP/1.1" 200 58199
[14/Nov/2024 18:08:32] "GET /admin/jsi18n/ HTTP/1.1" 200 3342
[14/Nov/2024 18:12:54] "GET /admin/assistant/process/ HTTP/1.1" 200 58235
[14/Nov/2024 18:12:54] "GET /static/admin/css/changelists.css HTTP/1.1" 304 0
[14/Nov/2024 18:12:54] "GET /static/admin/js/theme.js HTTP/1.1" 304 0
[14/Nov/2024 18:12:54] "GET /static/admin/css/nav_sidebar.css HTTP/1.1" 304 0
[14/Nov/2024 18:12:54] "GET /static/admin/js/nav_sidebar.js HTTP/1.1" 304 0
[14/Nov/2024 18:12:54] "GET /static/admin/css/dark_mode.css HTTP/1.1" 304 0
[14/Nov/2024 18:12:54] "GET /admin/jsi18n/ HTTP/1.1" 200 3342
[14/Nov/2024 18:12:54] "GET /static/admin/css/base.css HTTP/1.1" 304 0
[14/Nov/2024 18:12:54] "GET /static/admin/js/vendor/jquery/jquery.js HTTP/1.1" 304 0
[14/Nov/2024 18:12:54] "GET /static/admin/js/jquery.init.js HTTP/1.1" 304 0
[14/Nov/2024 18:12:54] "GET /static/admin/js/core.js HTTP/1.1" 304 0
[14/Nov/2024 18:12:54] "GET /static/admin/js/admin/RelatedObjectLookups.js HTTP/1.1" 304 0
[14/Nov/2024 18:12:54] "GET /static/admin/js/urlify.js HTTP/1.1" 304 0
[14/Nov/2024 18:12:54] "GET /static/admin/js/actions.js HTTP/1.1" 304 0
[14/Nov/2024 18:12:54] "GET /static/admin/js/vendor/xregexp/xregexp.js HTTP/1.1" 304 0
[14/Nov/2024 18:12:54] "GET /static/admin/js/prepopulate.js HTTP/1.1" 304 0
[14/Nov/2024 18:12:54] "GET /static/admin/js/filters.js HTTP/1.1" 304 0
[14/Nov/2024 18:12:54] "GET /static/admin/css/responsive.css HTTP/1.1" 304 0
[14/Nov/2024 18:12:54] "GET /static/admin/img/search.svg HTTP/1.1" 304 0
[14/Nov/2024 18:12:55] "GET /static/admin/img/icon-yes.svg HTTP/1.1" 304 0
[14/Nov/2024 18:12:55] "GET /static/admin/img/icon-addlink.svg HTTP/1.1" 304 0
[14/Nov/2024 18:12:55] "GET /static/admin/img/icon-viewlink.svg HTTP/1.1" 304 0
[14/Nov/2024 18:12:55] "GET /static/admin/img/tooltag-add.svg HTTP/1.1" 304 0
[14/Nov/2024 18:23:10] "POST /get_data HTTP/1.1" 200 40
[14/Nov/2024 18:27:26] "POST /get_data HTTP/1.1" 200 40
Watching for file changes with StatReloader
[14/Nov/2024 18:31:39] "POST /get_data HTTP/1.1" 200 40
[14/Nov/2024 18:50:37] "GET /admin/assistant/process/ HTTP/1.1" 200 60440
[14/Nov/2024 18:50:38] "GET /static/admin/css/nav_sidebar.css HTTP/1.1" 304 0
[14/Nov/2024 18:50:38] "GET /static/admin/js/theme.js HTTP/1.1" 304 0
[14/Nov/2024 18:50:38] "GET /static/admin/css/dark_mode.css HTTP/1.1" 304 0
[14/Nov/2024 18:50:38] "GET /static/admin/js/nav_sidebar.js HTTP/1.1" 304 0
[14/Nov/2024 18:50:38] "GET /static/admin/css/changelists.css HTTP/1.1" 304 0
[14/Nov/2024 18:50:38] "GET /admin/jsi18n/ HTTP/1.1" 200 3342
[14/Nov/2024 18:50:38] "GET /static/admin/js/core.js HTTP/1.1" 304 0
[14/Nov/2024 18:50:38] "GET /static/admin/js/actions.js HTTP/1.1" 304 0
[14/Nov/2024 18:50:38] "GET /static/admin/js/jquery.init.js HTTP/1.1" 304 0
[14/Nov/2024 18:50:38] "GET /static/admin/js/admin/RelatedObjectLookups.js HTTP/1.1" 304 0
[14/Nov/2024 18:50:38] "GET /static/admin/js/urlify.js HTTP/1.1" 304 0
[14/Nov/2024 18:50:38] "GET /static/admin/js/filters.js HTTP/1.1" 304 0
[14/Nov/2024 18:50:38] "GET /static/admin/js/prepopulate.js HTTP/1.1" 304 0
[14/Nov/2024 18:50:38] "GET /static/admin/img/icon-yes.svg HTTP/1.1" 304 0
[14/Nov/2024 18:50:38] "GET /static/admin/img/search.svg HTTP/1.1" 304 0
[14/Nov/2024 18:50:38] "GET /static/admin/css/base.css HTTP/1.1" 304 0
[14/Nov/2024 18:50:38] "GET /static/admin/css/responsive.css HTTP/1.1" 304 0
[14/Nov/2024 18:50:38] "GET /static/admin/js/vendor/jquery/jquery.js HTTP/1.1" 304 0
[14/Nov/2024 18:50:38] "GET /static/admin/js/vendor/xregexp/xregexp.js HTTP/1.1" 304 0
[14/Nov/2024 18:50:38] "GET /static/admin/img/tooltag-add.svg HTTP/1.1" 304 0
[14/Nov/2024 18:50:38] "GET /static/admin/img/icon-viewlink.svg HTTP/1.1" 304 0
[14/Nov/2024 18:50:38] "GET /static/admin/img/icon-addlink.svg HTTP/1.1" 304 0
Not Found: /
[14/Nov/2024 20:39:00] "GET / HTTP/1.1" 404 2508
Not Found: /
[15/Nov/2024 04:13:31] "GET / HTTP/1.1" 404 2508
Watching for file changes with StatReloader
[15/Nov/2024 09:10:38] "POST /get_data HTTP/1.1" 200 40
Watching for file changes with StatReloader
[15/Nov/2024 09:20:10] "POST /get_data HTTP/1.1" 200 40
Watching for file changes with StatReloader
[15/Nov/2024 09:29:13] "POST /get_data HTTP/1.1" 200 40
[15/Nov/2024 09:30:25] "GET /admin/assistant/process/ HTTP/1.1" 200 62609
[15/Nov/2024 09:30:25] "GET /static/admin/js/theme.js HTTP/1.1" 304 0
[15/Nov/2024 09:30:25] "GET /static/admin/css/nav_sidebar.css HTTP/1.1" 304 0
[15/Nov/2024 09:30:25] "GET /static/admin/css/dark_mode.css HTTP/1.1" 304 0
[15/Nov/2024 09:30:25] "GET /static/admin/css/changelists.css HTTP/1.1" 304 0
[15/Nov/2024 09:30:25] "GET /static/admin/js/nav_sidebar.js HTTP/1.1" 304 0
[15/Nov/2024 09:30:25] "GET /admin/jsi18n/ HTTP/1.1" 200 3342
[15/Nov/2024 09:30:25] "GET /static/admin/js/jquery.init.js HTTP/1.1" 304 0
[15/Nov/2024 09:30:25] "GET /static/admin/js/admin/RelatedObjectLookups.js HTTP/1.1" 304 0
[15/Nov/2024 09:30:25] "GET /static/admin/js/core.js HTTP/1.1" 304 0
[15/Nov/2024 09:30:25] "GET /static/admin/js/urlify.js HTTP/1.1" 304 0
[15/Nov/2024 09:30:25] "GET /static/admin/js/actions.js HTTP/1.1" 304 0
[15/Nov/2024 09:30:25] "GET /static/admin/js/prepopulate.js HTTP/1.1" 304 0
[15/Nov/2024 09:30:25] "GET /static/admin/js/filters.js HTTP/1.1" 304 0
[15/Nov/2024 09:30:25] "GET /static/admin/img/search.svg HTTP/1.1" 304 0
[15/Nov/2024 09:30:25] "GET /static/admin/img/icon-no.svg HTTP/1.1" 304 0
[15/Nov/2024 09:30:25] "GET /static/admin/css/responsive.css HTTP/1.1" 304 0
[15/Nov/2024 09:30:25] "GET /static/admin/css/base.css HTTP/1.1" 304 0
[15/Nov/2024 09:30:26] "GET /static/admin/js/vendor/jquery/jquery.js HTTP/1.1" 304 0
[15/Nov/2024 09:30:26] "GET /static/admin/js/vendor/xregexp/xregexp.js HTTP/1.1" 304 0
[15/Nov/2024 09:30:26] "GET /static/admin/img/icon-yes.svg HTTP/1.1" 304 0
[15/Nov/2024 09:30:26] "GET /static/admin/img/icon-viewlink.svg HTTP/1.1" 304 0
[15/Nov/2024 09:30:26] "GET /static/admin/img/icon-addlink.svg HTTP/1.1" 304 0
[15/Nov/2024 09:30:26] "GET /static/admin/img/tooltag-add.svg HTTP/1.1" 304 0
[15/Nov/2024 09:30:30] "GET /admin/assistant/process/90/change/ HTTP/1.1" 200 20206
[15/Nov/2024 09:30:30] "GET /static/admin/css/forms.css HTTP/1.1" 304 0
[15/Nov/2024 09:30:30] "GET /static/admin/js/admin/DateTimeShortcuts.js HTTP/1.1" 304 0
[15/Nov/2024 09:30:30] "GET /static/admin/js/calendar.js HTTP/1.1" 304 0
[15/Nov/2024 09:30:30] "GET /admin/jsi18n/ HTTP/1.1" 200 3342
[15/Nov/2024 09:30:30] "GET /static/admin/js/prepopulate_init.js HTTP/1.1" 304 0
[15/Nov/2024 09:30:30] "GET /static/admin/js/change_form.js HTTP/1.1" 304 0
[15/Nov/2024 09:30:30] "GET /static/admin/css/widgets.css HTTP/1.1" 304 0
[15/Nov/2024 09:30:30] "GET /static/admin/img/icon-calendar.svg HTTP/1.1" 304 0
[15/Nov/2024 09:30:30] "GET /static/admin/img/icon-clock.svg HTTP/1.1" 304 0
[15/Nov/2024 09:30:47] "GET /admin/assistant/process/ HTTP/1.1" 200 62609
[15/Nov/2024 09:30:47] "GET /admin/jsi18n/ HTTP/1.1" 200 3342
[15/Nov/2024 09:30:52] "GET /admin/assistant/process/89/change/ HTTP/1.1" 200 20310
[15/Nov/2024 09:30:52] "GET /admin/jsi18n/ HTTP/1.1" 200 3342
[15/Nov/2024 09:30:57] "GET /admin/assistant/process/ HTTP/1.1" 200 62609
[15/Nov/2024 09:30:57] "GET /admin/jsi18n/ HTTP/1.1" 200 3342
[15/Nov/2024 09:30:58] "GET /admin/assistant/process/90/change/ HTTP/1.1" 200 20206
[15/Nov/2024 09:30:58] "GET /admin/jsi18n/ HTTP/1.1" 200 3342
[15/Nov/2024 09:33:18] "POST /get_data HTTP/1.1" 200 40
[15/Nov/2024 09:33:41] "GET /admin/assistant/process/ HTTP/1.1" 200 63344
[15/Nov/2024 09:33:41] "GET /admin/jsi18n/ HTTP/1.1" 200 3342
[15/Nov/2024 09:33:44] "GET /admin/assistant/process/ HTTP/1.1" 200 63344
[15/Nov/2024 09:33:44] "GET /admin/jsi18n/ HTTP/1.1" 200 3342
[15/Nov/2024 09:33:51] "GET /admin/assistant/process/ HTTP/1.1" 200 63380
[15/Nov/2024 09:33:52] "GET /admin/jsi18n/ HTTP/1.1" 200 3342
[15/Nov/2024 09:33:59] "GET /admin/assistant/process/91/change/ HTTP/1.1" 200 20547
[15/Nov/2024 09:33:59] "GET /admin/jsi18n/ HTTP/1.1" 200 3342
Watching for file changes with StatReloader
[15/Nov/2024 09:41:06] "GET /admin/assistant/process/ HTTP/1.1" 200 63380
[15/Nov/2024 09:41:06] "GET /admin/jsi18n/ HTTP/1.1" 200 3342
[15/Nov/2024 09:41:07] "GET /admin/assistant/process/91/change/ HTTP/1.1" 200 20547
[15/Nov/2024 09:41:07] "GET /admin/jsi18n/ HTTP/1.1" 200 3342
[15/Nov/2024 09:42:18] "POST /get_data HTTP/1.1" 200 40
Watching for file changes with StatReloader
[15/Nov/2024 09:44:07] "POST /get_data HTTP/1.1" 200 40
Watching for file changes with StatReloader
[15/Nov/2024 09:45:03] "POST /get_data HTTP/1.1" 200 40
[15/Nov/2024 09:45:51] "GET /admin/bot_app/generationprocess/ HTTP/1.1" 302 0
[15/Nov/2024 09:45:51] "GET /admin/login/?next=/admin/bot_app/generationprocess/ HTTP/1.1" 200 4212
[15/Nov/2024 09:45:52] "GET /static/admin/css/login.css HTTP/1.1" 304 0
[15/Nov/2024 09:45:56] "POST /admin/login/?next=/admin/bot_app/generationprocess/ HTTP/1.1" 302 0
Not Found: /admin/bot_app/generationprocess/
[15/Nov/2024 09:45:56] "GET /admin/bot_app/generationprocess/ HTTP/1.1" 404 6015
[15/Nov/2024 09:45:59] "GET /admin/ HTTP/1.1" 200 11257
[15/Nov/2024 09:45:59] "GET /static/admin/img/icon-changelink.svg HTTP/1.1" 304 0
[15/Nov/2024 09:45:59] "GET /static/admin/css/dashboard.css HTTP/1.1" 304 0
[15/Nov/2024 09:45:59] "GET /admin/ HTTP/1.1" 200 11257
[15/Nov/2024 09:46:00] "GET /admin/assistant/process/ HTTP/1.1" 200 65585
[15/Nov/2024 09:46:01] "GET /admin/jsi18n/ HTTP/1.1" 200 3342
[15/Nov/2024 09:46:02] "GET /admin/assistant/process/94/change/ HTTP/1.1" 200 20504
[15/Nov/2024 09:46:02] "GET /admin/jsi18n/ HTTP/1.1" 200 3342
Watching for file changes with StatReloader
[15/Nov/2024 09:47:02] "POST /get_data HTTP/1.1" 200 40
[15/Nov/2024 09:47:14] "GET /admin/assistant/process/ HTTP/1.1" 200 66284
[15/Nov/2024 09:47:14] "GET /admin/jsi18n/ HTTP/1.1" 200 3342
[15/Nov/2024 09:47:17] "GET /admin/assistant/process/ HTTP/1.1" 200 66284
[15/Nov/2024 09:47:17] "GET /admin/jsi18n/ HTTP/1.1" 200 3342
[15/Nov/2024 09:47:18] "GET /admin/assistant/process/ HTTP/1.1" 200 66284
[15/Nov/2024 09:47:18] "GET /admin/jsi18n/ HTTP/1.1" 200 3342
[15/Nov/2024 09:47:18] "GET /admin/jsi18n/ HTTP/1.1" 200 3342
[15/Nov/2024 09:47:19] "GET /admin/assistant/process/ HTTP/1.1" 200 66284
[15/Nov/2024 09:47:19] "GET /admin/jsi18n/ HTTP/1.1" 200 3342
[15/Nov/2024 09:47:19] "GET /admin/jsi18n/ HTTP/1.1" 200 3342
[15/Nov/2024 09:47:20] "GET /admin/assistant/process/ HTTP/1.1" 200 66284
[15/Nov/2024 09:47:20] "GET /admin/jsi18n/ HTTP/1.1" 200 3342
[15/Nov/2024 09:47:20] "GET /admin/jsi18n/ HTTP/1.1" 200 3342
[15/Nov/2024 09:47:24] "GET /admin/assistant/process/ HTTP/1.1" 200 66284
[15/Nov/2024 09:47:24] "GET /admin/jsi18n/ HTTP/1.1" 200 3342
[15/Nov/2024 09:47:25] "GET /admin/assistant/process/ HTTP/1.1" 200 66284
[15/Nov/2024 09:47:25] "GET /admin/jsi18n/ HTTP/1.1" 200 3342
[15/Nov/2024 09:47:27] "GET /admin/assistant/process/ HTTP/1.1" 200 66284
[15/Nov/2024 09:47:27] "GET /admin/jsi18n/ HTTP/1.1" 200 3342
[15/Nov/2024 09:47:28] "GET /admin/assistant/process/ HTTP/1.1" 200 66284
[15/Nov/2024 09:47:28] "GET /admin/jsi18n/ HTTP/1.1" 200 3342
[15/Nov/2024 09:47:29] "GET /admin/assistant/process/ HTTP/1.1" 200 66284
[15/Nov/2024 09:47:30] "GET /admin/jsi18n/ HTTP/1.1" 200 3342
[15/Nov/2024 09:47:31] "GET /admin/assistant/process/ HTTP/1.1" 200 66284
[15/Nov/2024 09:47:31] "GET /admin/jsi18n/ HTTP/1.1" 200 3342
[15/Nov/2024 09:47:32] "GET /admin/assistant/process/ HTTP/1.1" 200 66284
[15/Nov/2024 09:47:32] "GET /admin/jsi18n/ HTTP/1.1" 200 3342
[15/Nov/2024 09:47:33] "GET /admin/assistant/process/ HTTP/1.1" 200 66284
[15/Nov/2024 09:47:34] "GET /admin/jsi18n/ HTTP/1.1" 200 3342
Watching for file changes with StatReloader
[15/Nov/2024 09:55:21] "POST /get_data HTTP/1.1" 200 40
[15/Nov/2024 09:55:35] "GET /admin/assistant/process/ HTTP/1.1" 200 67019
[15/Nov/2024 09:55:36] "GET /admin/jsi18n/ HTTP/1.1" 200 3342
Watching for file changes with StatReloader
[15/Nov/2024 09:57:39] "POST /get_data HTTP/1.1" 200 40
Watching for file changes with StatReloader
[15/Nov/2024 10:26:56] "POST /get_data HTTP/1.1" 200 40
[15/Nov/2024 10:27:32] "GET /admin/assistant/process/ HTTP/1.1" 200 68526
[15/Nov/2024 10:27:32] "GET /admin/jsi18n/ HTTP/1.1" 200 3342
[15/Nov/2024 10:27:34] "GET /admin/assistant/process/98/change/ HTTP/1.1" 200 20505
[15/Nov/2024 10:27:34] "GET /admin/jsi18n/ HTTP/1.1" 200 3342
[15/Nov/2024 10:28:32] "POST /admin/assistant/process/98/change/ HTTP/1.1" 302 0
[15/Nov/2024 10:28:32] "GET /admin/assistant/process/ HTTP/1.1" 200 68777
[15/Nov/2024 10:28:32] "GET /admin/jsi18n/ HTTP/1.1" 200 3342
[15/Nov/2024 10:28:35] "GET /admin/assistant/process/98/change/ HTTP/1.1" 200 20543
[15/Nov/2024 10:28:35] "GET /admin/jsi18n/ HTTP/1.1" 200 3342
[15/Nov/2024 10:28:42] "GET /admin/assistant/process/ HTTP/1.1" 200 68526
[15/Nov/2024 10:28:43] "GET /admin/jsi18n/ HTTP/1.1" 200 3342
[15/Nov/2024 10:29:21] "GET /admin/assistant/process/98/change/ HTTP/1.1" 200 20543
[15/Nov/2024 10:29:21] "GET /admin/jsi18n/ HTTP/1.1" 200 3342
[15/Nov/2024 10:29:45] "POST /admin/assistant/process/98/change/ HTTP/1.1" 302 0
[15/Nov/2024 10:29:45] "GET /admin/assistant/process/ HTTP/1.1" 200 68777
[15/Nov/2024 10:29:45] "GET /admin/jsi18n/ HTTP/1.1" 200 3342
[15/Nov/2024 10:29:47] "GET /admin/assistant/process/ HTTP/1.1" 200 68526
[15/Nov/2024 10:29:48] "GET /admin/jsi18n/ HTTP/1.1" 200 3342
[15/Nov/2024 10:29:49] "GET /admin/assistant/process/ HTTP/1.1" 200 68526
[15/Nov/2024 10:29:49] "GET /admin/jsi18n/ HTTP/1.1" 200 3342
[15/Nov/2024 10:31:13] "GET /admin/assistant/process/ HTTP/1.1" 200 68526
[15/Nov/2024 10:31:13] "GET /admin/jsi18n/ HTTP/1.1" 200 3342
[15/Nov/2024 10:31:52] "GET /admin/assistant/process/ HTTP/1.1" 200 68526
[15/Nov/2024 10:31:52] "GET /admin/jsi18n/ HTTP/1.1" 200 3342
[15/Nov/2024 10:31:58] "GET /admin/assistant/process/98/change/ HTTP/1.1" 200 20543
[15/Nov/2024 10:31:58] "GET /admin/jsi18n/ HTTP/1.1" 200 3342
Watching for file changes with StatReloader
[15/Nov/2024 10:32:52] "GET /admin/assistant/process/ HTTP/1.1" 200 68526
[15/Nov/2024 10:32:52] "GET /admin/jsi18n/ HTTP/1.1" 200 3342
[15/Nov/2024 10:32:53] "GET /admin/assistant/process/98/change/ HTTP/1.1" 200 20543
[15/Nov/2024 10:32:53] "GET /admin/jsi18n/ HTTP/1.1" 200 3342
[15/Nov/2024 10:33:02] "POST /get_data HTTP/1.1" 200 40
[15/Nov/2024 10:36:03] "POST /get_data HTTP/1.1" 200 40
[15/Nov/2024 10:39:10] "POST /get_data HTTP/1.1" 200 40
[15/Nov/2024 10:41:55] "POST /get_data HTTP/1.1" 200 40
Watching for file changes with StatReloader
[15/Nov/2024 10:49:29] "POST /get_data HTTP/1.1" 200 40
[15/Nov/2024 10:50:03] "GET /admin/assistant/process/ HTTP/1.1" 200 72181
[15/Nov/2024 10:50:03] "GET /admin/jsi18n/ HTTP/1.1" 200 3342
[15/Nov/2024 10:50:05] "GET /admin/assistant/process/103/change/ HTTP/1.1" 200 20440
[15/Nov/2024 10:50:05] "GET /admin/jsi18n/ HTTP/1.1" 200 3342
[15/Nov/2024 10:50:15] "GET /admin/assistant/process/ HTTP/1.1" 200 72181
[15/Nov/2024 10:50:15] "GET /admin/jsi18n/ HTTP/1.1" 200 3342
[15/Nov/2024 10:51:12] "POST /get_data HTTP/1.1" 200 40
[15/Nov/2024 10:51:12] "GET /admin/assistant/process/ HTTP/1.1" 200 72218
[15/Nov/2024 10:51:12] "GET /admin/jsi18n/ HTTP/1.1" 200 3342
[15/Nov/2024 10:51:20] "GET /admin/assistant/process/103/change/ HTTP/1.1" 200 20995
[15/Nov/2024 10:51:20] "GET /admin/jsi18n/ HTTP/1.1" 200 3342
Watching for file changes with StatReloader
[15/Nov/2024 10:59:28] "POST /get_data HTTP/1.1" 200 40
[15/Nov/2024 11:00:22] "GET /admin/assistant/process/ HTTP/1.1" 200 73696
[15/Nov/2024 11:00:22] "GET /admin/jsi18n/ HTTP/1.1" 200 3342
[15/Nov/2024 11:01:04] "POST /get_data HTTP/1.1" 200 40
[15/Nov/2024 11:01:07] "GET /admin/assistant/process/ HTTP/1.1" 200 74398
[15/Nov/2024 11:01:07] "GET /admin/jsi18n/ HTTP/1.1" 200 3342
[15/Nov/2024 11:03:40] "POST /get_data HTTP/1.1" 200 40
[15/Nov/2024 11:03:57] "GET /admin/assistant/process/ HTTP/1.1" 200 75137
[15/Nov/2024 11:03:57] "GET /admin/jsi18n/ HTTP/1.1" 200 3342
[15/Nov/2024 11:04:02] "GET /admin/assistant/process/ HTTP/1.1" 200 75137
[15/Nov/2024 11:04:02] "GET /admin/jsi18n/ HTTP/1.1" 200 3342
Watching for file changes with StatReloader
[15/Nov/2024 11:08:02] "POST /get_data HTTP/1.1" 200 40
[15/Nov/2024 11:08:20] "GET /admin/assistant/process/ HTTP/1.1" 200 75876
[15/Nov/2024 11:08:21] "GET /admin/jsi18n/ HTTP/1.1" 200 3342
[15/Nov/2024 11:08:29] "GET /admin/assistant/process/108/change/ HTTP/1.1" 200 20237
[15/Nov/2024 11:08:29] "GET /admin/jsi18n/ HTTP/1.1" 200 3342
Watching for file changes with StatReloader
[15/Nov/2024 11:13:49] "GET /admin/assistant/process/ HTTP/1.1" 200 75876
[15/Nov/2024 11:13:49] "GET /admin/jsi18n/ HTTP/1.1" 200 3342
[15/Nov/2024 11:13:51] "GET /admin/assistant/process/108/change/ HTTP/1.1" 200 20237
[15/Nov/2024 11:13:51] "GET /admin/jsi18n/ HTTP/1.1" 200 3342
[15/Nov/2024 11:13:56] "POST /admin/assistant/process/108/change/ HTTP/1.1" 302 0
[15/Nov/2024 11:13:56] "GET /admin/assistant/process/ HTTP/1.1" 200 76128
[15/Nov/2024 11:13:57] "GET /admin/jsi18n/ HTTP/1.1" 200 3342
[15/Nov/2024 11:13:59] "GET /admin/assistant/process/ HTTP/1.1" 200 75876
[15/Nov/2024 11:13:59] "GET /admin/jsi18n/ HTTP/1.1" 200 3342
[15/Nov/2024 11:14:05] "GET /admin/assistant/process/ HTTP/1.1" 200 75913
[15/Nov/2024 11:14:06] "GET /admin/jsi18n/ HTTP/1.1" 200 3342
[15/Nov/2024 11:14:07] "GET /admin/assistant/process/108/change/ HTTP/1.1" 200 20341
[15/Nov/2024 11:14:07] "GET /admin/jsi18n/ HTTP/1.1" 200 3342
Watching for file changes with StatReloader
[15/Nov/2024 11:14:46] "POST /admin/assistant/process/108/change/ HTTP/1.1" 302 0
[15/Nov/2024 11:14:46] "GET /admin/assistant/process/ HTTP/1.1" 200 76165
[15/Nov/2024 11:14:46] "GET /admin/jsi18n/ HTTP/1.1" 200 3342
[15/Nov/2024 11:14:48] "GET /admin/assistant/process/ HTTP/1.1" 200 75913
[15/Nov/2024 11:14:48] "GET /admin/jsi18n/ HTTP/1.1" 200 3342
Not Found: /apple-touch-icon-precomposed.png
[15/Nov/2024 11:21:39] "GET /apple-touch-icon-precomposed.png HTTP/1.1" 404 2622
Not Found: /apple-touch-icon.png
Not Found: /favicon.ico
[15/Nov/2024 11:21:39] "GET /apple-touch-icon.png HTTP/1.1" 404 2586
[15/Nov/2024 11:21:39] "GET /favicon.ico HTTP/1.1" 404 2559
[15/Nov/2024 11:32:38] "POST /get_data HTTP/1.1" 200 40
[15/Nov/2024 11:32:48] "GET /admin/assistant/process/ HTTP/1.1" 200 76652
[15/Nov/2024 11:32:48] "GET /admin/jsi18n/ HTTP/1.1" 200 3342
[15/Nov/2024 11:32:48] "GET /static/admin/js/nav_sidebar.js HTTP/1.1" 304 0
[15/Nov/2024 11:32:48] "GET /static/admin/css/nav_sidebar.css HTTP/1.1" 304 0
[15/Nov/2024 11:32:48] "GET /static/admin/css/changelists.css HTTP/1.1" 304 0
[15/Nov/2024 11:32:48] "GET /static/admin/css/dark_mode.css HTTP/1.1" 304 0
[15/Nov/2024 11:32:48] "GET /static/admin/js/theme.js HTTP/1.1" 304 0
[15/Nov/2024 11:32:49] "GET /static/admin/js/core.js HTTP/1.1" 304 0
[15/Nov/2024 11:32:49] "GET /static/admin/js/jquery.init.js HTTP/1.1" 304 0
[15/Nov/2024 11:32:49] "GET /static/admin/js/actions.js HTTP/1.1" 304 0
[15/Nov/2024 11:32:49] "GET /static/admin/js/urlify.js HTTP/1.1" 304 0
[15/Nov/2024 11:32:49] "GET /static/admin/js/admin/RelatedObjectLookups.js HTTP/1.1" 304 0
[15/Nov/2024 11:32:49] "GET /static/admin/js/prepopulate.js HTTP/1.1" 304 0
[15/Nov/2024 11:32:49] "GET /static/admin/js/filters.js HTTP/1.1" 304 0
[15/Nov/2024 11:32:49] "GET /static/admin/img/search.svg HTTP/1.1" 304 0
[15/Nov/2024 11:32:49] "GET /static/admin/css/base.css HTTP/1.1" 304 0
[15/Nov/2024 11:32:49] "GET /static/admin/img/icon-yes.svg HTTP/1.1" 304 0
[15/Nov/2024 11:32:49] "GET /static/admin/css/responsive.css HTTP/1.1" 304 0
[15/Nov/2024 11:32:49] "GET /static/admin/js/vendor/xregexp/xregexp.js HTTP/1.1" 304 0
[15/Nov/2024 11:32:49] "GET /static/admin/js/vendor/jquery/jquery.js HTTP/1.1" 304 0
[15/Nov/2024 11:32:49] "GET /static/admin/img/icon-addlink.svg HTTP/1.1" 304 0
[15/Nov/2024 11:32:49] "GET /static/admin/img/tooltag-add.svg HTTP/1.1" 200 331
[15/Nov/2024 11:32:49] "GET /static/admin/img/icon-viewlink.svg HTTP/1.1" 200 581
[15/Nov/2024 11:33:17] "POST /get_data HTTP/1.1" 200 40
Watching for file changes with StatReloader
[15/Nov/2024 11:33:37] "GET /admin/assistant/process/107/change/ HTTP/1.1" 200 21195
[15/Nov/2024 11:33:37] "GET /static/admin/js/change_form.js HTTP/1.1" 304 0
[15/Nov/2024 11:33:37] "GET /static/admin/js/calendar.js HTTP/1.1" 304 0
[15/Nov/2024 11:33:37] "GET /admin/jsi18n/ HTTP/1.1" 200 3342
[15/Nov/2024 11:33:37] "GET /static/admin/js/prepopulate_init.js HTTP/1.1" 304 0
[15/Nov/2024 11:33:37] "GET /static/admin/css/forms.css HTTP/1.1" 304 0
[15/Nov/2024 11:33:37] "GET /static/admin/js/admin/DateTimeShortcuts.js HTTP/1.1" 304 0
[15/Nov/2024 11:33:37] "GET /static/admin/css/widgets.css HTTP/1.1" 304 0
[15/Nov/2024 11:33:38] "GET /static/admin/img/icon-calendar.svg HTTP/1.1" 304 0
[15/Nov/2024 11:33:38] "GET /static/admin/img/icon-clock.svg HTTP/1.1" 304 0
[15/Nov/2024 11:33:47] "POST /get_data HTTP/1.1" 200 40
[15/Nov/2024 11:34:02] "GET /admin/assistant/process/ HTTP/1.1" 200 78093
[15/Nov/2024 11:34:02] "GET /admin/jsi18n/ HTTP/1.1" 200 3342
[15/Nov/2024 11:34:02] "GET /static/admin/img/icon-no.svg HTTP/1.1" 304 0
[15/Nov/2024 11:34:05] "GET /admin/assistant/process/ HTTP/1.1" 200 78093
[15/Nov/2024 11:34:05] "GET /admin/jsi18n/ HTTP/1.1" 200 3342
[15/Nov/2024 11:34:07] "GET /admin/assistant/process/ HTTP/1.1" 200 78093
[15/Nov/2024 11:34:07] "GET /admin/jsi18n/ HTTP/1.1" 200 3342
[15/Nov/2024 11:34:07] "GET /admin/jsi18n/ HTTP/1.1" 200 3342
[15/Nov/2024 11:34:08] "GET /admin/assistant/process/ HTTP/1.1" 200 78093
[15/Nov/2024 11:34:08] "GET /admin/jsi18n/ HTTP/1.1" 200 3342
[15/Nov/2024 11:34:08] "GET /admin/jsi18n/ HTTP/1.1" 200 3342
[15/Nov/2024 11:34:09] "GET /admin/assistant/process/ HTTP/1.1" 200 78093
[15/Nov/2024 11:34:09] "GET /admin/jsi18n/ HTTP/1.1" 200 3342
[15/Nov/2024 11:34:10] "GET /admin/jsi18n/ HTTP/1.1" 200 3342
[15/Nov/2024 11:34:13] "GET /admin/assistant/process/ HTTP/1.1" 200 78093
[15/Nov/2024 11:34:13] "GET /admin/jsi18n/ HTTP/1.1" 200 3342
[15/Nov/2024 11:34:15] "GET /admin/assistant/process/ HTTP/1.1" 200 78093
[15/Nov/2024 11:34:16] "GET /admin/jsi18n/ HTTP/1.1" 200 3342
[15/Nov/2024 11:34:20] "GET /admin/assistant/process/ HTTP/1.1" 200 78093
[15/Nov/2024 11:34:20] "GET /admin/jsi18n/ HTTP/1.1" 200 3342
[15/Nov/2024 11:34:24] "GET /admin/assistant/process/ HTTP/1.1" 200 78093
[15/Nov/2024 11:34:24] "GET /admin/jsi18n/ HTTP/1.1" 200 3342
[15/Nov/2024 11:34:27] "GET /admin/assistant/process/ HTTP/1.1" 200 78093
[15/Nov/2024 11:34:27] "GET /admin/jsi18n/ HTTP/1.1" 200 3342
[15/Nov/2024 11:34:29] "GET /admin/assistant/process/ HTTP/1.1" 200 78093
[15/Nov/2024 11:34:29] "GET /admin/jsi18n/ HTTP/1.1" 200 3342
[15/Nov/2024 11:34:31] "GET /admin/assistant/process/ HTTP/1.1" 200 78093
[15/Nov/2024 11:34:31] "GET /admin/jsi18n/ HTTP/1.1" 200 3342
[15/Nov/2024 11:34:32] "GET /admin/assistant/process/ HTTP/1.1" 200 78093
[15/Nov/2024 11:34:32] "GET /admin/jsi18n/ HTTP/1.1" 200 3342
[15/Nov/2024 11:34:35] "GET /admin/assistant/process/ HTTP/1.1" 200 78093
[15/Nov/2024 11:34:35] "GET /admin/jsi18n/ HTTP/1.1" 200 3342
[15/Nov/2024 11:34:39] "GET /admin/assistant/process/111/change/ HTTP/1.1" 200 20282
[15/Nov/2024 11:34:39] "GET /admin/jsi18n/ HTTP/1.1" 200 3342
[15/Nov/2024 11:34:44] "GET /admin/assistant/process/111/change/ HTTP/1.1" 200 20282
[15/Nov/2024 11:34:44] "GET /admin/jsi18n/ HTTP/1.1" 200 3342
[15/Nov/2024 11:34:45] "GET /admin/assistant/process/111/change/ HTTP/1.1" 200 20282
[15/Nov/2024 11:34:45] "GET /admin/jsi18n/ HTTP/1.1" 200 3342
[15/Nov/2024 11:34:48] "GET /admin/assistant/process/ HTTP/1.1" 200 78093
[15/Nov/2024 11:34:48] "GET /admin/jsi18n/ HTTP/1.1" 200 3342
[15/Nov/2024 11:35:41] "GET /admin/assistant/process/ HTTP/1.1" 200 78093
[15/Nov/2024 11:35:41] "GET /admin/jsi18n/ HTTP/1.1" 200 3342
[15/Nov/2024 11:36:31] "GET /admin/assistant/process/ HTTP/1.1" 200 78130
[15/Nov/2024 11:36:31] "GET /admin/jsi18n/ HTTP/1.1" 200 3342
[15/Nov/2024 11:37:20] "GET /admin/assistant/process/111/change/ HTTP/1.1" 200 20997
[15/Nov/2024 11:37:20] "GET /admin/jsi18n/ HTTP/1.1" 200 3342
Watching for file changes with StatReloader
[15/Nov/2024 11:39:46] "POST /get_data HTTP/1.1" 200 40
[15/Nov/2024 11:40:41] "POST /get_data HTTP/1.1" 200 40
Watching for file changes with StatReloader
[15/Nov/2024 11:44:39] "POST /get_data HTTP/1.1" 200 40
[15/Nov/2024 11:44:47] "GET /admin/assistant/process/ HTTP/1.1" 200 80310
[15/Nov/2024 11:44:47] "GET /admin/jsi18n/ HTTP/1.1" 200 3342
[15/Nov/2024 11:45:43] "GET /admin/assistant/process/ HTTP/1.1" 200 80347
[15/Nov/2024 11:45:52] "GET /admin/jsi18n/ HTTP/1.1" 200 3342
Watching for file changes with StatReloader
[15/Nov/2024 11:48:38] "POST /get_data HTTP/1.1" 200 40
[15/Nov/2024 11:49:19] "GET /admin/bot_app/generationprocess/ HTTP/1.1" 302 0
[15/Nov/2024 11:49:19] "GET /admin/login/?next=/admin/bot_app/generationprocess/ HTTP/1.1" 200 4212
[15/Nov/2024 11:49:19] "GET /static/admin/css/login.css HTTP/1.1" 304 0
[15/Nov/2024 11:49:23] "POST /admin/login/?next=/admin/bot_app/generationprocess/ HTTP/1.1" 302 0
Not Found: /admin/bot_app/generationprocess/
[15/Nov/2024 11:49:23] "GET /admin/bot_app/generationprocess/ HTTP/1.1" 404 6015
[15/Nov/2024 11:49:26] "GET /admin/ HTTP/1.1" 200 11259
[15/Nov/2024 11:49:26] "GET /static/admin/css/dashboard.css HTTP/1.1" 304 0
[15/Nov/2024 11:49:26] "GET /static/admin/img/icon-changelink.svg HTTP/1.1" 304 0
[15/Nov/2024 11:49:27] "GET /admin/assistant/process/ HTTP/1.1" 200 81049
[15/Nov/2024 11:49:27] "GET /admin/jsi18n/ HTTP/1.1" 200 3342
[15/Nov/2024 11:49:31] "GET /admin/assistant/process/ HTTP/1.1" 200 81049
[15/Nov/2024 11:49:31] "GET /admin/jsi18n/ HTTP/1.1" 200 3342
[15/Nov/2024 11:49:48] "GET /admin/assistant/process/ HTTP/1.1" 200 81086
[15/Nov/2024 11:49:48] "GET /admin/jsi18n/ HTTP/1.1" 200 3342
Watching for file changes with StatReloader
[15/Nov/2024 11:52:52] "POST /get_data HTTP/1.1" 200 40
[15/Nov/2024 11:53:29] "GET /admin/assistant/process/ HTTP/1.1" 200 81788
[15/Nov/2024 11:53:29] "GET /admin/jsi18n/ HTTP/1.1" 200 3342
[15/Nov/2024 11:54:04] "POST /get_data HTTP/1.1" 200 40
[15/Nov/2024 11:54:57] "GET /admin/assistant/process/ HTTP/1.1" 200 82564
[15/Nov/2024 11:54:57] "GET /admin/jsi18n/ HTTP/1.1" 200 3342
[15/Nov/2024 11:57:02] "POST /get_data HTTP/1.1" 200 40
[15/Nov/2024 11:59:15] "GET /admin/assistant/process/ HTTP/1.1" 200 83303
[15/Nov/2024 11:59:15] "GET /admin/jsi18n/ HTTP/1.1" 200 3342
[15/Nov/2024 11:59:17] "GET /admin/assistant/process/118/change/ HTTP/1.1" 200 20359
[15/Nov/2024 11:59:17] "GET /admin/jsi18n/ HTTP/1.1" 200 3342
[15/Nov/2024 12:05:54] "POST /get_data HTTP/1.1" 200 40
[15/Nov/2024 12:06:52] "GET /admin/assistant/process/ HTTP/1.1" 200 84005
[15/Nov/2024 12:06:52] "GET /admin/jsi18n/ HTTP/1.1" 200 3342
[15/Nov/2024 12:06:56] "GET /admin/assistant/process/ HTTP/1.1" 200 84042
[15/Nov/2024 12:06:56] "GET /admin/jsi18n/ HTTP/1.1" 200 3342
[15/Nov/2024 12:06:58] "GET /admin/assistant/process/119/change/ HTTP/1.1" 200 20427
[15/Nov/2024 12:06:58] "GET /admin/jsi18n/ HTTP/1.1" 200 3342
Watching for file changes with StatReloader
[15/Nov/2024 12:07:46] "POST /get_data HTTP/1.1" 200 40
Watching for file changes with StatReloader
[15/Nov/2024 12:09:42] "POST /get_data HTTP/1.1" 200 40
Watching for file changes with StatReloader
[15/Nov/2024 12:12:34] "POST /get_data HTTP/1.1" 200 40
[15/Nov/2024 12:20:52] "GET /admin/assistant/process/ HTTP/1.1" 200 85487
[15/Nov/2024 12:20:52] "GET /admin/jsi18n/ HTTP/1.1" 200 3342
[15/Nov/2024 12:20:54] "GET /admin/assistant/process/122/change/ HTTP/1.1" 200 20349
[15/Nov/2024 12:20:54] "GET /admin/jsi18n/ HTTP/1.1" 200 3342
[15/Nov/2024 12:20:56] "GET /admin/assistant/process/ HTTP/1.1" 200 85487
[15/Nov/2024 12:20:56] "GET /admin/jsi18n/ HTTP/1.1" 200 3342
[15/Nov/2024 12:20:58] "GET /admin/assistant/process/121/change/ HTTP/1.1" 200 20349
[15/Nov/2024 12:20:58] "GET /admin/jsi18n/ HTTP/1.1" 200 3342
[15/Nov/2024 12:21:01] "GET /admin/assistant/process/120/change/ HTTP/1.1" 200 20557
[15/Nov/2024 12:21:01] "GET /admin/jsi18n/ HTTP/1.1" 200 3342
Watching for file changes with StatReloader
[15/Nov/2024 12:22:50] "POST /get_data HTTP/1.1" 200 40
[15/Nov/2024 12:25:16] "POST /get_data HTTP/1.1" 200 40
Watching for file changes with StatReloader
[15/Nov/2024 12:27:41] "POST /get_data HTTP/1.1" 200 40
[15/Nov/2024 12:29:10] "POST /get_data HTTP/1.1" 200 40
[15/Nov/2024 12:30:58] "POST /get_data HTTP/1.1" 200 40
[15/Nov/2024 12:32:24] "POST /get_data HTTP/1.1" 200 40
[15/Nov/2024 12:33:23] "POST /get_data HTTP/1.1" 200 40
[15/Nov/2024 12:34:27] "POST /get_data HTTP/1.1" 200 40
[15/Nov/2024 12:36:07] "POST /get_data HTTP/1.1" 200 40
Watching for file changes with StatReloader
[15/Nov/2024 12:36:19] "POST /get_data HTTP/1.1" 200 40
[15/Nov/2024 12:37:03] "GET /admin/assistant/process/ HTTP/1.1" 200 86787
[15/Nov/2024 12:37:03] "GET /admin/jsi18n/ HTTP/1.1" 200 3342
Not Found: /favicon.ico
[15/Nov/2024 12:37:03] "GET /favicon.ico HTTP/1.1" 404 2559
[15/Nov/2024 12:37:06] "GET /admin/assistant/process/131/change/ HTTP/1.1" 200 20362
[15/Nov/2024 12:37:07] "GET /admin/jsi18n/ HTTP/1.1" 200 3342
[15/Nov/2024 12:37:11] "GET /admin/assistant/process/ HTTP/1.1" 200 86824
[15/Nov/2024 12:37:11] "GET /admin/jsi18n/ HTTP/1.1" 200 3342
[15/Nov/2024 12:37:16] "GET /admin/assistant/process/132/change/ HTTP/1.1" 200 20733
[15/Nov/2024 12:37:16] "GET /admin/jsi18n/ HTTP/1.1" 200 3342
Watching for file changes with StatReloader
[15/Nov/2024 12:37:34] "POST /get_data HTTP/1.1" 200 40
[15/Nov/2024 12:38:33] "POST /get_data HTTP/1.1" 200 40
[15/Nov/2024 12:50:32] "GET /admin/assistant/process/ HTTP/1.1" 200 87092
[15/Nov/2024 12:50:32] "GET /admin/jsi18n/ HTTP/1.1" 200 3342
[15/Nov/2024 12:50:34] "GET /admin/assistant/process/134/change/ HTTP/1.1" 200 20771
[15/Nov/2024 12:50:34] "GET /admin/jsi18n/ HTTP/1.1" 200 3342
[15/Nov/2024 12:50:37] "GET /admin/assistant/process/ HTTP/1.1" 200 87092
[15/Nov/2024 12:50:37] "GET /admin/jsi18n/ HTTP/1.1" 200 3342
[15/Nov/2024 12:50:38] "GET /admin/assistant/process/133/change/ HTTP/1.1" 200 20616
[15/Nov/2024 12:50:38] "GET /admin/jsi18n/ HTTP/1.1" 200 3342
[15/Nov/2024 12:58:59] "GET /admin/assistant/process/ HTTP/1.1" 200 87092
[15/Nov/2024 12:58:59] "GET /admin/jsi18n/ HTTP/1.1" 200 3342
[15/Nov/2024 12:59:03] "GET /admin/assistant/process/134/change/ HTTP/1.1" 200 20771
[15/Nov/2024 12:59:03] "GET /admin/jsi18n/ HTTP/1.1" 200 3342
[15/Nov/2024 12:59:06] "GET /admin/assistant/process/ HTTP/1.1" 200 87092
[15/Nov/2024 12:59:07] "GET /admin/jsi18n/ HTTP/1.1" 200 3342
[15/Nov/2024 12:59:47] "GET /admin/assistant/process/ HTTP/1.1" 200 87092
[15/Nov/2024 12:59:47] "GET /admin/jsi18n/ HTTP/1.1" 200 3342
[15/Nov/2024 12:59:50] "GET /admin/assistant/process/ HTTP/1.1" 200 87092
[15/Nov/2024 12:59:51] "GET /admin/jsi18n/ HTTP/1.1" 200 3342
Watching for file changes with StatReloader
[15/Nov/2024 13:00:36] "GET /admin/assistant/process/ HTTP/1.1" 200 87092
[15/Nov/2024 13:00:36] "GET /admin/jsi18n/ HTTP/1.1" 200 3342
[15/Nov/2024 13:00:38] "GET /admin/assistant/process/ HTTP/1.1" 200 87092
[15/Nov/2024 13:00:38] "GET /admin/jsi18n/ HTTP/1.1" 200 3342
[15/Nov/2024 13:00:39] "GET /admin/assistant/process/134/change/ HTTP/1.1" 200 20771
[15/Nov/2024 13:00:39] "GET /admin/jsi18n/ HTTP/1.1" 200 3342
[15/Nov/2024 13:00:42] "GET /admin/assistant/process/ HTTP/1.1" 200 87092
[15/Nov/2024 13:00:42] "GET /admin/jsi18n/ HTTP/1.1" 200 3342
[15/Nov/2024 13:00:44] "GET /admin/assistant/process/134/change/ HTTP/1.1" 200 20771
[15/Nov/2024 13:00:44] "GET /admin/jsi18n/ HTTP/1.1" 200 3342
[15/Nov/2024 13:00:48] "GET /admin/assistant/process/ HTTP/1.1" 200 87092
[15/Nov/2024 13:00:48] "GET /admin/jsi18n/ HTTP/1.1" 200 3342
[15/Nov/2024 13:00:52] "GET /admin/assistant/process/134/change/ HTTP/1.1" 200 20771
[15/Nov/2024 13:00:52] "GET /admin/jsi18n/ HTTP/1.1" 200 3342
[15/Nov/2024 13:00:58] "GET /admin/assistant/process/ HTTP/1.1" 200 87092
[15/Nov/2024 13:00:58] "GET /admin/jsi18n/ HTTP/1.1" 200 3342
[15/Nov/2024 13:20:59] "GET /admin/assistant/process/ HTTP/1.1" 200 87092
[15/Nov/2024 13:20:59] "GET /admin/jsi18n/ HTTP/1.1" 200 3342
